<?xml version="1.0" encoding="UTF-8"?>
<!-- Generated by org.testng.reporters.JUnitReportReporter -->
<testsuite skipped="0" hostname="INR1601317" name="com.inetbanking.testCases.TC_LoginTest_001" tests="1" failures="0" timestamp="29 Dec 2019 09:02:03 GMT" time="1.505" errors="0">
  <testcase name="loginTest" time="1.505" classname="com.inetbanking.testCases.TC_LoginTest_001"/>
</testsuite> <!-- com.inetbanking.testCases.TC_LoginTest_001 -->
